{"timestamp":"2024-01-29T16:16:29.249095842Z","version":"1","message":"Starting StructuredloggingApplication using Java 17.0.9 with PID 8114 (/workspace/spring-boot-legos/11_structured_logging/build/classes/java/main started by vscode in /workspace/spring-boot-legos/11_structured_logging)","logger_name":"com.irayspace.structuredlogging.StructuredloggingApplication","thread_name":"main","level":"INFO","level_value":20000}
{"timestamp":"2024-01-29T16:16:29.257738895Z","version":"1","message":"No active profile set, falling back to 1 default profile: \"default\"","logger_name":"com.irayspace.structuredlogging.StructuredloggingApplication","thread_name":"main","level":"INFO","level_value":20000}
{"timestamp":"2024-01-29T16:16:29.891607083Z","version":"1","message":"Tomcat initialized with port 8080 (http)","logger_name":"org.springframework.boot.web.embedded.tomcat.TomcatWebServer","thread_name":"main","level":"INFO","level_value":20000}
{"timestamp":"2024-01-29T16:16:29.900238244Z","version":"1","message":"Initializing ProtocolHandler [\"http-nio-8080\"]","logger_name":"org.apache.coyote.http11.Http11NioProtocol","thread_name":"main","level":"INFO","level_value":20000}
{"timestamp":"2024-01-29T16:16:29.902973862Z","version":"1","message":"Starting service [Tomcat]","logger_name":"org.apache.catalina.core.StandardService","thread_name":"main","level":"INFO","level_value":20000}
{"timestamp":"2024-01-29T16:16:29.903944361Z","version":"1","message":"Starting Servlet engine: [Apache Tomcat/10.1.18]","logger_name":"org.apache.catalina.core.StandardEngine","thread_name":"main","level":"INFO","level_value":20000}
{"timestamp":"2024-01-29T16:16:29.944600677Z","version":"1","message":"Initializing Spring embedded WebApplicationContext","logger_name":"org.apache.catalina.core.ContainerBase.[Tomcat].[localhost].[/]","thread_name":"main","level":"INFO","level_value":20000}
{"timestamp":"2024-01-29T16:16:29.94601689Z","version":"1","message":"Root WebApplicationContext: initialization completed in 654 ms","logger_name":"org.springframework.boot.web.servlet.context.ServletWebServerApplicationContext","thread_name":"main","level":"INFO","level_value":20000}
{"timestamp":"2024-01-29T16:16:30.19436631Z","version":"1","message":"Starting ProtocolHandler [\"http-nio-8080\"]","logger_name":"org.apache.coyote.http11.Http11NioProtocol","thread_name":"main","level":"INFO","level_value":20000}
{"timestamp":"2024-01-29T16:16:30.206799397Z","version":"1","message":"Tomcat started on port 8080 (http) with context path ''","logger_name":"org.springframework.boot.web.embedded.tomcat.TomcatWebServer","thread_name":"main","level":"INFO","level_value":20000}
{"timestamp":"2024-01-29T16:16:30.213955542Z","version":"1","message":"Started StructuredloggingApplication in 1.203 seconds (process running for 1.619)","logger_name":"com.irayspace.structuredlogging.StructuredloggingApplication","thread_name":"main","level":"INFO","level_value":20000}
{"timestamp":"2024-01-29T16:19:02.181114779Z","version":"1","message":"Starting StructuredloggingApplication using Java 17.0.9 with PID 9688 (/workspace/spring-boot-legos/11_structured_logging/build/classes/java/main started by vscode in /workspace/spring-boot-legos/11_structured_logging)","logger_name":"com.irayspace.structuredlogging.StructuredloggingApplication","thread_name":"main","level":"INFO","level_value":20000}
{"timestamp":"2024-01-29T16:19:02.188051855Z","version":"1","message":"No active profile set, falling back to 1 default profile: \"default\"","logger_name":"com.irayspace.structuredlogging.StructuredloggingApplication","thread_name":"main","level":"INFO","level_value":20000}
{"timestamp":"2024-01-29T16:19:02.702181987Z","version":"1","message":"Tomcat initialized with port 8080 (http)","logger_name":"org.springframework.boot.web.embedded.tomcat.TomcatWebServer","thread_name":"main","level":"INFO","level_value":20000}
{"timestamp":"2024-01-29T16:19:02.708327107Z","version":"1","message":"Initializing ProtocolHandler [\"http-nio-8080\"]","logger_name":"org.apache.coyote.http11.Http11NioProtocol","thread_name":"main","level":"INFO","level_value":20000}
{"timestamp":"2024-01-29T16:19:02.709914764Z","version":"1","message":"Starting service [Tomcat]","logger_name":"org.apache.catalina.core.StandardService","thread_name":"main","level":"INFO","level_value":20000}
{"timestamp":"2024-01-29T16:19:02.710304073Z","version":"1","message":"Starting Servlet engine: [Apache Tomcat/10.1.18]","logger_name":"org.apache.catalina.core.StandardEngine","thread_name":"main","level":"INFO","level_value":20000}
{"timestamp":"2024-01-29T16:19:02.743153234Z","version":"1","message":"Initializing Spring embedded WebApplicationContext","logger_name":"org.apache.catalina.core.ContainerBase.[Tomcat].[localhost].[/]","thread_name":"main","level":"INFO","level_value":20000}
{"timestamp":"2024-01-29T16:19:02.744856196Z","version":"1","message":"Root WebApplicationContext: initialization completed in 527 ms","logger_name":"org.springframework.boot.web.servlet.context.ServletWebServerApplicationContext","thread_name":"main","level":"INFO","level_value":20000}
{"timestamp":"2024-01-29T16:19:02.941212945Z","version":"1","message":"Starting ProtocolHandler [\"http-nio-8080\"]","logger_name":"org.apache.coyote.http11.Http11NioProtocol","thread_name":"main","level":"INFO","level_value":20000}
{"timestamp":"2024-01-29T16:19:02.952778547Z","version":"1","message":"Tomcat started on port 8080 (http) with context path ''","logger_name":"org.springframework.boot.web.embedded.tomcat.TomcatWebServer","thread_name":"main","level":"INFO","level_value":20000}
{"timestamp":"2024-01-29T16:19:02.960036267Z","version":"1","message":"Started StructuredloggingApplication in 0.999 seconds (process running for 1.428)","logger_name":"com.irayspace.structuredlogging.StructuredloggingApplication","thread_name":"main","level":"INFO","level_value":20000}
{"timestamp":"2024-01-29T16:19:15.429821106Z","version":"1","message":"Initializing Spring DispatcherServlet 'dispatcherServlet'","logger_name":"org.apache.catalina.core.ContainerBase.[Tomcat].[localhost].[/]","thread_name":"http-nio-8080-exec-1","level":"INFO","level_value":20000}
{"timestamp":"2024-01-29T16:19:15.430376988Z","version":"1","message":"Initializing Servlet 'dispatcherServlet'","logger_name":"org.springframework.web.servlet.DispatcherServlet","thread_name":"http-nio-8080-exec-1","level":"INFO","level_value":20000}
{"timestamp":"2024-01-29T16:19:15.431232832Z","version":"1","message":"Completed initialization in 1 ms","logger_name":"org.springframework.web.servlet.DispatcherServlet","thread_name":"http-nio-8080-exec-1","level":"INFO","level_value":20000}
{"timestamp":"2024-01-29T16:19:31.386407664Z","version":"1","message":"Starting StructuredloggingApplication using Java 17.0.9 with PID 10277 (/workspace/spring-boot-legos/11_structured_logging/build/classes/java/main started by vscode in /workspace/spring-boot-legos/11_structured_logging)","logger_name":"com.irayspace.structuredlogging.StructuredloggingApplication","thread_name":"main","level":"INFO","level_value":20000}
{"timestamp":"2024-01-29T16:19:31.393448343Z","version":"1","message":"No active profile set, falling back to 1 default profile: \"default\"","logger_name":"com.irayspace.structuredlogging.StructuredloggingApplication","thread_name":"main","level":"INFO","level_value":20000}
{"timestamp":"2024-01-29T16:19:31.964161658Z","version":"1","message":"Tomcat initialized with port 8080 (http)","logger_name":"org.springframework.boot.web.embedded.tomcat.TomcatWebServer","thread_name":"main","level":"INFO","level_value":20000}
{"timestamp":"2024-01-29T16:19:31.970315324Z","version":"1","message":"Initializing ProtocolHandler [\"http-nio-8080\"]","logger_name":"org.apache.coyote.http11.Http11NioProtocol","thread_name":"main","level":"INFO","level_value":20000}
{"timestamp":"2024-01-29T16:19:31.972321054Z","version":"1","message":"Starting service [Tomcat]","logger_name":"org.apache.catalina.core.StandardService","thread_name":"main","level":"INFO","level_value":20000}
{"timestamp":"2024-01-29T16:19:31.972765878Z","version":"1","message":"Starting Servlet engine: [Apache Tomcat/10.1.18]","logger_name":"org.apache.catalina.core.StandardEngine","thread_name":"main","level":"INFO","level_value":20000}
{"timestamp":"2024-01-29T16:19:32.006637114Z","version":"1","message":"Initializing Spring embedded WebApplicationContext","logger_name":"org.apache.catalina.core.ContainerBase.[Tomcat].[localhost].[/]","thread_name":"main","level":"INFO","level_value":20000}
{"timestamp":"2024-01-29T16:19:32.007831789Z","version":"1","message":"Root WebApplicationContext: initialization completed in 582 ms","logger_name":"org.springframework.boot.web.servlet.context.ServletWebServerApplicationContext","thread_name":"main","level":"INFO","level_value":20000}
{"timestamp":"2024-01-29T16:19:32.207128385Z","version":"1","message":"Starting ProtocolHandler [\"http-nio-8080\"]","logger_name":"org.apache.coyote.http11.Http11NioProtocol","thread_name":"main","level":"INFO","level_value":20000}
{"timestamp":"2024-01-29T16:19:32.219641151Z","version":"1","message":"Tomcat started on port 8080 (http) with context path ''","logger_name":"org.springframework.boot.web.embedded.tomcat.TomcatWebServer","thread_name":"main","level":"INFO","level_value":20000}
{"timestamp":"2024-01-29T16:19:32.226370917Z","version":"1","message":"Started StructuredloggingApplication in 1.091 seconds (process running for 1.503)","logger_name":"com.irayspace.structuredlogging.StructuredloggingApplication","thread_name":"main","level":"INFO","level_value":20000}
{"timestamp":"2024-01-29T16:19:35.22271529Z","version":"1","message":"Initializing Spring DispatcherServlet 'dispatcherServlet'","logger_name":"org.apache.catalina.core.ContainerBase.[Tomcat].[localhost].[/]","thread_name":"http-nio-8080-exec-1","level":"INFO","level_value":20000}
{"timestamp":"2024-01-29T16:19:35.22335501Z","version":"1","message":"Initializing Servlet 'dispatcherServlet'","logger_name":"org.springframework.web.servlet.DispatcherServlet","thread_name":"http-nio-8080-exec-1","level":"INFO","level_value":20000}
{"timestamp":"2024-01-29T16:19:35.22429935Z","version":"1","message":"Completed initialization in 1 ms","logger_name":"org.springframework.web.servlet.DispatcherServlet","thread_name":"http-nio-8080-exec-1","level":"INFO","level_value":20000}
{"timestamp":"2024-01-29T16:19:54.42641767Z","version":"1","message":"Starting StructuredloggingApplication using Java 17.0.9 with PID 10817 (/workspace/spring-boot-legos/11_structured_logging/build/classes/java/main started by vscode in /workspace/spring-boot-legos/11_structured_logging)","logger_name":"com.irayspace.structuredlogging.StructuredloggingApplication","thread_name":"main","level":"INFO","level_value":20000}
{"timestamp":"2024-01-29T16:19:54.432546414Z","version":"1","message":"No active profile set, falling back to 1 default profile: \"default\"","logger_name":"com.irayspace.structuredlogging.StructuredloggingApplication","thread_name":"main","level":"INFO","level_value":20000}
{"timestamp":"2024-01-29T16:19:54.930181624Z","version":"1","message":"Tomcat initialized with port 8080 (http)","logger_name":"org.springframework.boot.web.embedded.tomcat.TomcatWebServer","thread_name":"main","level":"INFO","level_value":20000}
{"timestamp":"2024-01-29T16:19:54.936428419Z","version":"1","message":"Initializing ProtocolHandler [\"http-nio-8080\"]","logger_name":"org.apache.coyote.http11.Http11NioProtocol","thread_name":"main","level":"INFO","level_value":20000}
{"timestamp":"2024-01-29T16:19:54.938252859Z","version":"1","message":"Starting service [Tomcat]","logger_name":"org.apache.catalina.core.StandardService","thread_name":"main","level":"INFO","level_value":20000}
{"timestamp":"2024-01-29T16:19:54.938848732Z","version":"1","message":"Starting Servlet engine: [Apache Tomcat/10.1.18]","logger_name":"org.apache.catalina.core.StandardEngine","thread_name":"main","level":"INFO","level_value":20000}
{"timestamp":"2024-01-29T16:19:54.973659079Z","version":"1","message":"Initializing Spring embedded WebApplicationContext","logger_name":"org.apache.catalina.core.ContainerBase.[Tomcat].[localhost].[/]","thread_name":"main","level":"INFO","level_value":20000}
{"timestamp":"2024-01-29T16:19:54.975134985Z","version":"1","message":"Root WebApplicationContext: initialization completed in 515 ms","logger_name":"org.springframework.boot.web.servlet.context.ServletWebServerApplicationContext","thread_name":"main","level":"INFO","level_value":20000}
{"timestamp":"2024-01-29T16:19:55.170967617Z","version":"1","message":"Starting ProtocolHandler [\"http-nio-8080\"]","logger_name":"org.apache.coyote.http11.Http11NioProtocol","thread_name":"main","level":"INFO","level_value":20000}
{"timestamp":"2024-01-29T16:19:55.183233231Z","version":"1","message":"Tomcat started on port 8080 (http) with context path ''","logger_name":"org.springframework.boot.web.embedded.tomcat.TomcatWebServer","thread_name":"main","level":"INFO","level_value":20000}
{"timestamp":"2024-01-29T16:19:55.190537714Z","version":"1","message":"Started StructuredloggingApplication in 0.983 seconds (process running for 1.391)","logger_name":"com.irayspace.structuredlogging.StructuredloggingApplication","thread_name":"main","level":"INFO","level_value":20000}
{"timestamp":"2024-01-29T16:19:57.442478369Z","version":"1","message":"Initializing Spring DispatcherServlet 'dispatcherServlet'","logger_name":"org.apache.catalina.core.ContainerBase.[Tomcat].[localhost].[/]","thread_name":"http-nio-8080-exec-1","level":"INFO","level_value":20000}
{"timestamp":"2024-01-29T16:19:57.443178311Z","version":"1","message":"Initializing Servlet 'dispatcherServlet'","logger_name":"org.springframework.web.servlet.DispatcherServlet","thread_name":"http-nio-8080-exec-1","level":"INFO","level_value":20000}
{"timestamp":"2024-01-29T16:19:57.444056618Z","version":"1","message":"Completed initialization in 1 ms","logger_name":"org.springframework.web.servlet.DispatcherServlet","thread_name":"http-nio-8080-exec-1","level":"INFO","level_value":20000}
{"timestamp":"2024-01-29T16:20:02.725008509Z","version":"1","message":"This is an error message","logger_name":"com.irayspace.structuredlogging.TestController","thread_name":"http-nio-8080-exec-3","level":"ERROR","level_value":40000}
